# JRE version: OpenJDK Runtime Environment (17.0.6) (build 17.0.6+0-b2043.56-10027231)
# Java VM: OpenJDK 64-Bit Server VM (17.0.6+0-b2043.56-10027231, mixed mode, tiered, compressed oops, compressed class ptrs, g1 gc, windows-amd64)
GC Precious Log:
 CPUs: 4 total, 4 available
 Memory: 16262M
 Large Page Support: Disabled
 NUMA Support: Disabled
 Compressed Oops: Enabled (32-bit)
 Heap Region Size: 1M
 Heap Min Capacity: 8M
 Heap Initial Capacity: 256M
 Heap Max Capacity: 2G
 Pre-touch: Disabled
 Parallel Workers: 4
 Concurrent Workers: 1
 Concurrent Refinement Workers: 4
 Periodic GC: Disabled
Heap:
 garbage-first heap   total 464896K, used 389791K [0x0000000080000000, 0x0000000100000000)
  region size 1024K, 221 young (226304K), 27 survivors (27648K)
 Metaspace       used 107392K, committed 108160K, reserved 1146880K
  class space    used 14411K, committed 14784K, reserved 1048576K
GC Heap History (20 events):
Event: 28.879 GC heap after
{Heap after GC invocations=41 (full 0):
 garbage-first heap   total 193536K, used 105749K [0x0000000080000000, 0x0000000100000000)
  region size 1024K, 7 young (7168K), 7 survivors (7168K)
 Metaspace       used 78874K, committed 79552K, reserved 1122304K
  class space    used 10501K, committed 10816K, reserved 1048576K
}
Event: 28.946 GC heap before
{Heap before GC invocations=41 (full 0):
 garbage-first heap   total 193536K, used 107797K [0x0000000080000000, 0x0000000100000000)
  region size 1024K, 9 young (9216K), 7 survivors (7168K)
 Metaspace       used 79171K, committed 79872K, reserved 1122304K
  class space    used 10537K, committed 10880K, reserved 1048576K
}
Event: 28.958 GC heap after
{Heap after GC invocations=42 (full 0):
 garbage-first heap   total 193536K, used 106496K [0x0000000080000000, 0x0000000100000000)
  region size 1024K, 1 young (1024K), 1 survivors (1024K)
 Metaspace       used 79171K, committed 79872K, reserved 1122304K
  class space    used 10537K, committed 10880K, reserved 1048576K
}
Event: 30.303 GC heap before
{Heap before GC invocations=42 (full 0):
 garbage-first heap   total 193536K, used 156672K [0x0000000080000000, 0x0000000100000000)
  region size 1024K, 49 young (50176K), 1 survivors (1024K)
 Metaspace       used 84786K, committed 85504K, reserved 1130496K
  class space    used 11522K, committed 11840K, reserved 1048576K
}
Event: 30.310 GC heap after
{Heap after GC invocations=43 (full 0):
 garbage-first heap   total 193536K, used 108544K [0x0000000080000000, 0x0000000100000000)
  region size 1024K, 3 young (3072K), 3 survivors (3072K)
 Metaspace       used 84786K, committed 85504K, reserved 1130496K
  class space    used 11522K, committed 11840K, reserved 1048576K
}
Event: 31.430 GC heap before
{Heap before GC invocations=43 (full 0):
 garbage-first heap   total 193536K, used 142336K [0x0000000080000000, 0x0000000100000000)
  region size 1024K, 33 young (33792K), 3 survivors (3072K)
 Metaspace       used 88111K, committed 88832K, reserved 1130496K
  class space    used 11988K, committed 12352K, reserved 1048576K
}
Event: 31.440 GC heap after
{Heap after GC invocations=44 (full 0):
 garbage-first heap   total 193536K, used 116979K [0x0000000080000000, 0x0000000100000000)
  region size 1024K, 7 young (7168K), 7 survivors (7168K)
 Metaspace       used 88111K, committed 88832K, reserved 1130496K
  class space    used 11988K, committed 12352K, reserved 1048576K
}
Event: 32.984 GC heap before
{Heap before GC invocations=45 (full 0):
 garbage-first heap   total 232448K, used 172275K [0x0000000080000000, 0x0000000100000000)
  region size 1024K, 45 young (46080K), 7 survivors (7168K)
 Metaspace       used 91240K, committed 91968K, reserved 1130496K
  class space    used 12447K, committed 12800K, reserved 1048576K
}
Event: 33.000 GC heap after
{Heap after GC invocations=46 (full 0):
 garbage-first heap   total 232448K, used 140193K [0x0000000080000000, 0x0000000100000000)
  region size 1024K, 6 young (6144K), 6 survivors (6144K)
 Metaspace       used 91240K, committed 91968K, reserved 1130496K
  class space    used 12447K, committed 12800K, reserved 1048576K
}
Event: 33.066 GC heap before
{Heap before GC invocations=46 (full 0):
 garbage-first heap   total 232448K, used 145313K [0x0000000080000000, 0x0000000100000000)
  region size 1024K, 11 young (11264K), 6 survivors (6144K)
 Metaspace       used 91267K, committed 91968K, reserved 1130496K
  class space    used 12449K, committed 12800K, reserved 1048576K
}
Event: 33.083 GC heap after
{Heap after GC invocations=47 (full 0):
 garbage-first heap   total 232448K, used 140079K [0x0000000080000000, 0x0000000100000000)
  region size 1024K, 1 young (1024K), 1 survivors (1024K)
 Metaspace       used 91267K, committed 91968K, reserved 1130496K
  class space    used 12449K, committed 12800K, reserved 1048576K
}
Event: 33.816 GC heap before
{Heap before GC invocations=47 (full 0):
 garbage-first heap   total 232448K, used 188207K [0x0000000080000000, 0x0000000100000000)
  region size 1024K, 45 young (46080K), 1 survivors (1024K)
 Metaspace       used 92434K, committed 93184K, reserved 1130496K
  class space    used 12615K, committed 12928K, reserved 1048576K
}
Event: 33.832 GC heap after
{Heap after GC invocations=48 (full 0):
 garbage-first heap   total 232448K, used 155853K [0x0000000080000000, 0x0000000100000000)
  region size 1024K, 6 young (6144K), 6 survivors (6144K)
 Metaspace       used 92434K, committed 93184K, reserved 1130496K
  class space    used 12615K, committed 12928K, reserved 1048576K
}
Event: 34.439 GC heap before
{Heap before GC invocations=48 (full 0):
 garbage-first heap   total 232448K, used 188621K [0x0000000080000000, 0x0000000100000000)
  region size 1024K, 39 young (39936K), 6 survivors (6144K)
 Metaspace       used 92457K, committed 93184K, reserved 1130496K
  class space    used 12615K, committed 12928K, reserved 1048576K
}
Event: 34.465 GC heap after
{Heap after GC invocations=49 (full 0):
 garbage-first heap   total 464896K, used 162063K [0x0000000080000000, 0x0000000100000000)
  region size 1024K, 5 young (5120K), 5 survivors (5120K)
 Metaspace       used 92457K, committed 93184K, reserved 1130496K
  class space    used 12615K, committed 12928K, reserved 1048576K
}
Event: 38.012 GC heap before
{Heap before GC invocations=49 (full 0):
 garbage-first heap   total 464896K, used 297231K [0x0000000080000000, 0x0000000100000000)
  region size 1024K, 137 young (140288K), 5 survivors (5120K)
 Metaspace       used 92461K, committed 93184K, reserved 1130496K
  class space    used 12615K, committed 12928K, reserved 1048576K
}
Event: 38.030 GC heap after
{Heap after GC invocations=50 (full 0):
 garbage-first heap   total 464896K, used 166661K [0x0000000080000000, 0x0000000100000000)
  region size 1024K, 10 young (10240K), 10 survivors (10240K)
 Metaspace       used 92461K, committed 93184K, reserved 1130496K
  class space    used 12615K, committed 12928K, reserved 1048576K
}
Event: 43.827 GC heap before
{Heap before GC invocations=50 (full 0):
 garbage-first heap   total 464896K, used 364293K [0x0000000080000000, 0x0000000100000000)
  region size 1024K, 203 young (207872K), 10 survivors (10240K)
 Metaspace       used 92463K, committed 93184K, reserved 1130496K
  class space    used 12615K, committed 12928K, reserved 1048576K
}
Event: 43.850 GC heap after
{Heap after GC invocations=51 (full 0):
 garbage-first heap   total 464896K, used 172703K [0x0000000080000000, 0x0000000100000000)
  region size 1024K, 16 young (16384K), 16 survivors (16384K)
 Metaspace       used 92463K, committed 93184K, reserved 1130496K
  class space    used 12615K, committed 12928K, reserved 1048576K
}
Event: 50.982 GC heap before
{Heap before GC invocations=51 (full 0):
 garbage-first heap   total 464896K, used 388767K [0x0000000080000000, 0x0000000100000000)
  region size 1024K, 210 young (215040K), 16 survivors (16384K)
 Metaspace       used 107392K, committed 108160K, reserved 1146880K
  class space    used 14411K, committed 14784K, reserved 1048576K
}

